This is pdfTeX, Version 3.141592653-2.6-1.40.22 (MiKTeX 21.6) (preloaded format=pdflatex 2021.6.29)  29 JUN 2021 16:48
entering extended mode
**./poster.tex
(poster.tex
LaTeX2e <2021-06-01>
L3 programming layer <2021-06-01>

! LaTeX Error: File `beamer.cls' not found.

Type X to quit or <RETURN> to proceed,
or enter new name. (Default extension: cls)

Enter file name: m

! LaTeX Error: File `m.cls' not found.

Type X to quit or <RETURN> to proceed,
or enter new name. (Default extension: cls)

Enter file name: POSTER.pdf

! LaTeX Error: File `POSTER.pdf' not found.

Type X to quit or <RETURN> to proceed,
or enter new name. (Default extension: pdf)

Enter file name: Poster

! LaTeX Error: File `Poster.pdf' not found.

Type X to quit or <RETURN> to proceed,
or enter new name. (Default extension: pdf)

Enter file name: x

! Emergency stop.
<read *> 
         
l.6 \usepackage
               [scale=1.24]{beamerposter}
*** (cannot \read from terminal in nonstop modes)

 
Here is how much of TeX's memory you used:
 34 strings out of 478864
 611 string characters out of 2858511
 292975 words of memory out of 3000000
 18054 multiletter control sequences out of 15000+600000
 403430 words of font info for 27 fonts, out of 8000000 for 9000
 1141 hyphenation exceptions out of 8191
 24i,0n,36p,84b,18s stack positions out of 5000i,500n,10000p,200000b,80000s
!  ==> Fatal error occurred, no output PDF file produced!
